<?xml version="1.0" encoding="UTF-8"?>
<!-- Generated by org.testng.reporters.JUnitReportReporter -->
<testsuite hostname="DESKTOP-Q497JCB" failures="0" tests="1" name="NewTest" time="31.381" errors="0" timestamp="28 Mar 2021 23:02:11 GMT">
  <testcase classname="NewTest" name="test" time="31.381"/>
</testsuite> <!-- NewTest -->
